<?xml version="1.0" encoding="UTF-8"?>
<testng-results ignored="0" total="2" passed="2" failed="0" skipped="0">
  <reporter-output>
  </reporter-output>
  <suite started-at="2021-06-20T08:45:25 IST" name="Default suite" finished-at="2021-06-20T08:47:59 IST" duration-ms="154833">
    <groups>
    </groups>
    <test started-at="2021-06-20T08:45:25 IST" name="Default test" finished-at="2021-06-20T08:47:59 IST" duration-ms="154833">
      <class name="test.Suites">
        <test-method is-config="true" signature="bef()[pri:0, instance:test.Suites@22ef9844]" started-at="2021-06-20T08:45:25 IST" name="bef" finished-at="2021-06-20T08:46:25 IST" duration-ms="60228" status="PASS">
          <reporter-output>
          </reporter-output>
        </test-method> <!-- bef -->
        <test-method signature="getMaxValueOfProductWithName()[pri:0, instance:test.Suites@22ef9844]" started-at="2021-06-20T08:46:25 IST" name="getMaxValueOfProductWithName" finished-at="2021-06-20T08:46:41 IST" duration-ms="16130" status="PASS">
          <reporter-output>
          </reporter-output>
        </test-method> <!-- getMaxValueOfProductWithName -->
        <test-method is-config="true" signature="aft()[pri:0, instance:test.Suites@22ef9844]" started-at="2021-06-20T08:46:41 IST" name="aft" finished-at="2021-06-20T08:46:41 IST" duration-ms="295" status="PASS">
          <reporter-output>
          </reporter-output>
        </test-method> <!-- aft -->
        <test-method is-config="true" signature="bef()[pri:0, instance:test.Suites@22ef9844]" started-at="2021-06-20T08:46:41 IST" name="bef" finished-at="2021-06-20T08:47:43 IST" duration-ms="61775" status="PASS">
          <reporter-output>
          </reporter-output>
        </test-method> <!-- bef -->
        <test-method signature="getNameAndOriginalAnddiscountedPrice()[pri:0, instance:test.Suites@22ef9844]" started-at="2021-06-20T08:47:43 IST" name="getNameAndOriginalAnddiscountedPrice" finished-at="2021-06-20T08:47:59 IST" duration-ms="16101" status="PASS">
          <reporter-output>
          </reporter-output>
        </test-method> <!-- getNameAndOriginalAnddiscountedPrice -->
        <test-method is-config="true" signature="aft()[pri:0, instance:test.Suites@22ef9844]" started-at="2021-06-20T08:47:59 IST" name="aft" finished-at="2021-06-20T08:47:59 IST" duration-ms="264" status="PASS">
          <reporter-output>
          </reporter-output>
        </test-method> <!-- aft -->
      </class> <!-- test.Suites -->
    </test> <!-- Default test -->
  </suite> <!-- Default suite -->
</testng-results>
